.====================================================================.
                                                                      
 .d8888b.   .o8888b.   db  .d8888b.  d8888b. d88888b d8888b.  .d888b. 
.8P    Y8. d8P    Y8   88 .8P    Y8. 88  `8D 88'     88  `8D .8P , Y8.
88      88 8P      oooo88 88      88 88oooY' 88oooo  88oobY' 88  |  88
88      88 8b      ~~~~88 88      88 88~~~b. 88~~~~  88`8b   88  |/ 88
`8b    d8' Y8b    d8   88 `8b    d8' 88   8D 88.     88 `88. `8b | d8'
 `Y8888P'   `Y8888P'   YP  `Y8888P'  Y8888P' Y88888P 88   YD  `Y888P' 
                                                                      
`========================== INSTALLATION LOG ========================'

[2016/09/29 02:55:26] Host: Linux ui 3.19.0-25-generic #26~14.04.1-Ubuntu SMP Fri Jul 24 21:16:20 UTC 2015 x86_64
[2016/09/29 02:55:26] PHP version: 7.0.11-1+deb.sury.org~trusty+1
[2016/09/29 02:55:26] Server software: Apache/2.4.23 (Ubuntu)
[2016/09/29 02:55:26] Operating system: Linux
[2016/09/29 02:55:26] Memory limit: 128M
[2016/09/29 02:55:26] Max execution time: 3600
.============================ POST REQUEST ==========================.
[2016/09/29 02:55:26] Postback payload: Array
(
    [code] => phpVersion
    [handler] => onCheckRequirement
)

[2016/09/29 02:55:26] System check: phpVersion
[2016/09/29 02:55:26] Requirement phpVersion +OK
[2016/09/29 02:55:26] Execute handler (onCheckRequirement): Array
(
    [result] => 1
)

.============================ POST REQUEST ==========================.
[2016/09/29 02:55:27] Postback payload: Array
(
    [code] => curlLibrary
    [handler] => onCheckRequirement
)

[2016/09/29 02:55:27] System check: curlLibrary
[2016/09/29 02:55:27] Requirement curlLibrary +OK
[2016/09/29 02:55:27] Execute handler (onCheckRequirement): Array
(
    [result] => 1
)

.============================ POST REQUEST ==========================.
[2016/09/29 02:55:27] Postback payload: Array
(
    [code] => liveConnection
    [handler] => onCheckRequirement
)

[2016/09/29 02:55:27] System check: liveConnection
[2016/09/29 02:55:28] Server request: ping
[2016/09/29 02:55:28] Request information: Array
(
    [url] => http://octobercms.com/api/ping
    [content_type] => application/json
    [http_code] => 200
    [header_size] => 872
    [request_size] => 161
    [filetime] => -1
    [ssl_verify_result] => 0
    [redirect_count] => 0
    [total_time] => 0.555546
    [namelookup_time] => 0.127949
    [connect_time] => 0.151754
    [pretransfer_time] => 0.151809
    [size_upload] => 30
    [size_download] => 14
    [speed_download] => 25
    [speed_upload] => 54
    [download_content_length] => 14
    [upload_content_length] => 30
    [starttransfer_time] => 0.555526
    [redirect_time] => 0
    [redirect_url] => 
    [primary_ip] => 104.24.112.12
    [certinfo] => Array
        (
        )

    [primary_port] => 80
    [local_ip] => 10.0.2.15
    [local_port] => 58755
)

[2016/09/29 02:55:28] Requirement liveConnection +OK
[2016/09/29 02:55:28] Execute handler (onCheckRequirement): Array
(
    [result] => 1
)

.============================ POST REQUEST ==========================.
[2016/09/29 02:55:28] Postback payload: Array
(
    [code] => writePermission
    [handler] => onCheckRequirement
)

[2016/09/29 02:55:28] System check: writePermission
[2016/09/29 02:55:28] Requirement writePermission +OK
[2016/09/29 02:55:28] Execute handler (onCheckRequirement): Array
(
    [result] => 1
)

.============================ POST REQUEST ==========================.
[2016/09/29 02:55:29] Postback payload: Array
(
    [code] => pdoLibrary
    [handler] => onCheckRequirement
)

[2016/09/29 02:55:29] System check: pdoLibrary
[2016/09/29 02:55:29] Requirement pdoLibrary +OK
[2016/09/29 02:55:29] Execute handler (onCheckRequirement): Array
(
    [result] => 1
)

.============================ POST REQUEST ==========================.
[2016/09/29 02:55:29] Postback payload: Array
(
    [code] => mbstringLibrary
    [handler] => onCheckRequirement
)

[2016/09/29 02:55:29] System check: mbstringLibrary
[2016/09/29 02:55:29] Requirement mbstringLibrary +OK
[2016/09/29 02:55:29] Execute handler (onCheckRequirement): Array
(
    [result] => 1
)

.============================ POST REQUEST ==========================.
[2016/09/29 02:55:30] Postback payload: Array
(
    [code] => sslLibrary
    [handler] => onCheckRequirement
)

[2016/09/29 02:55:30] System check: sslLibrary
[2016/09/29 02:55:30] Requirement sslLibrary +OK
[2016/09/29 02:55:30] Execute handler (onCheckRequirement): Array
(
    [result] => 1
)

.============================ POST REQUEST ==========================.
[2016/09/29 02:55:30] Postback payload: Array
(
    [code] => zipLibrary
    [handler] => onCheckRequirement
)

[2016/09/29 02:55:30] System check: zipLibrary
[2016/09/29 02:55:30] Requirement zipLibrary +OK
[2016/09/29 02:55:30] Execute handler (onCheckRequirement): Array
(
    [result] => 1
)

.============================ POST REQUEST ==========================.
[2016/09/29 02:55:31] Postback payload: Array
(
    [code] => gdLibrary
    [handler] => onCheckRequirement
)

[2016/09/29 02:55:31] System check: gdLibrary
[2016/09/29 02:55:31] Requirement gdLibrary +OK
[2016/09/29 02:55:31] Execute handler (onCheckRequirement): Array
(
    [result] => 1
)

.============================ POST REQUEST ==========================.
[2016/09/29 02:55:46] Postback payload: Array
(
    [db_type] => mysql
    [db_host] => localhost
    [db_port] => 
    [db_name] => dvlp
    [db_user] => root
    [db_pass] => *******
    [admin_first_name] => Admin
    [admin_last_name] => Person
    [admin_email] => *******@*****.com
    [admin_login] => admin
    [admin_password] => *******
    [admin_confirm_password] => *******
    [backend_uri] => /backend
    [encryption_code] => *******
    [file_mask] => 777
    [folder_mask] => 777
    [handler] => onValidateDatabase
)

.============================ POST REQUEST ==========================.
[2016/09/29 02:55:46] Postback payload: Array
(
    [db_type] => mysql
    [db_host] => localhost
    [db_port] => 
    [db_name] => dvlp
    [db_user] => root
    [db_pass] => *******
    [admin_first_name] => Admin
    [admin_last_name] => Person
    [admin_email] => *******@*****.com
    [admin_login] => admin
    [admin_password] => *******
    [admin_confirm_password] => *******
    [backend_uri] => /backend
    [encryption_code] => *******
    [file_mask] => 777
    [folder_mask] => 777
    [handler] => onValidateAdminAccount
)

[2016/09/29 02:55:46] Handler error (onValidateAdminAccount): Please specify password
[2016/09/29 02:55:46] Trace log:
#0 /var/www/uibhcom/install_files/php/Installer.php(48): Installer->onValidateAdminAccount()
#1 /var/www/uibhcom/install_files/php/boot.php(74): Installer->__construct()
#2 /var/www/uibhcom/install.php(1): include('/var/www/uibhco...')
#3 {main}
.============================ POST REQUEST ==========================.
[2016/09/29 02:57:28] Postback payload: Array
(
    [db_type] => mysql
    [db_host] => localhost
    [db_port] => 
    [db_name] => dvlp
    [db_user] => root
    [db_pass] => *******
    [admin_first_name] => Admin
    [admin_last_name] => Person
    [admin_email] => *******@*****.com
    [admin_login] => admin
    [admin_password] => *******
    [admin_confirm_password] => *******
    [backend_uri] => /backend
    [encryption_code] => *******
    [file_mask] => 777
    [folder_mask] => 777
    [handler] => onValidateDatabase
)

.============================ POST REQUEST ==========================.
[2016/09/29 02:57:28] Postback payload: Array
(
    [db_type] => mysql
    [db_host] => localhost
    [db_port] => 
    [db_name] => dvlp
    [db_user] => root
    [db_pass] => *******
    [admin_first_name] => Admin
    [admin_last_name] => Person
    [admin_email] => *******@*****.com
    [admin_login] => admin
    [admin_password] => *******
    [admin_confirm_password] => *******
    [backend_uri] => /backend
    [encryption_code] => *******
    [file_mask] => 777
    [folder_mask] => 777
    [handler] => onValidateAdminAccount
)

.============================ POST REQUEST ==========================.
[2016/09/29 02:57:28] Postback payload: Array
(
    [db_type] => mysql
    [db_host] => localhost
    [db_port] => 
    [db_name] => dvlp
    [db_user] => root
    [db_pass] => *******
    [admin_first_name] => Admin
    [admin_last_name] => Person
    [admin_email] => *******@*****.com
    [admin_login] => admin
    [admin_password] => *******
    [admin_confirm_password] => *******
    [backend_uri] => /backend
    [encryption_code] => *******
    [file_mask] => 777
    [folder_mask] => 777
    [handler] => onValidateAdvancedConfig
)

.============================ POST REQUEST ==========================.
.============================ POST REQUEST ==========================.
[2016/09/29 03:02:56] Postback payload: Array
(
    [handler] => onGetPopularThemes
)

[2016/09/29 03:02:56] Postback payload: Array
(
    [handler] => onGetPopularPlugins
)

[2016/09/29 03:02:56] Server request: plugin/popular
[2016/09/29 03:02:56] Request information: Array
(
    [url] => http://octobercms.com/api/plugin/popular
    [content_type] => application/json
    [http_code] => 200
    [header_size] => 870
    [request_size] => 171
    [filetime] => -1
    [ssl_verify_result] => 0
    [redirect_count] => 0
    [total_time] => 0.44865
    [namelookup_time] => 0.061334
    [connect_time] => 0.066782
    [pretransfer_time] => 0.066831
    [size_upload] => 30
    [size_download] => 2784
    [speed_download] => 6205
    [speed_upload] => 66
    [download_content_length] => 2784
    [upload_content_length] => 30
    [starttransfer_time] => 0.448631
    [redirect_time] => 0
    [redirect_url] => 
    [primary_ip] => 104.24.113.12
    [certinfo] => Array
        (
        )

    [primary_port] => 80
    [local_ip] => 10.0.2.15
    [local_port] => 42358
)

[2016/09/29 03:02:56] Server request: theme/popular
[2016/09/29 03:02:56] Execute handler (onGetPopularPlugins): Array
(
    [0] => Array
        (
            [name] => Redirect
            [description] => Advanced Redirect plugin for OctoberCMS (recommended).
            [code] => Adrenth.Redirect
            [updated_at] => 2016-07-04 11:34:42
            [image] => http://octobercms.com/storage/app/uploads/public/56f/447/754/thumb_4304_64x64_0_0_auto.png
            [author] => Alwin Drenth
            [hash] => b448f68f444de1bfa6610898cc390223
            [demo_url] => 
            [product_url] => http://octobercms.com/plugin/adrenth-redirect
        )

    [1] => Array
        (
            [name] => Builder
            [description] => Create a fully functional plugin scaffold in a matter of minutes
            [code] => RainLab.Builder
            [updated_at] => 2016-02-10 06:24:20
            [image] => http://octobercms.com/storage/app/uploads/public/56b/aca/9eb/thumb_3841_64x64_0_0_auto.png
            [author] => RainLab
            [hash] => a99af8d1a43c2ee2f7445e46b44058d7
            [demo_url] => 
            [product_url] => http://octobercms.com/plugin/rainlab-builder
        )

    [2] => Array
        (
            [name] => Location
            [description] => Adds location based features, such as Country and State.
            [code] => RainLab.Location
            [updated_at] => 2015-09-25 22:21:18
            [image] => http://octobercms.com/storage/app/uploads/public/560/62a/c6d/thumb_2994_64x64_0_0_auto.png
            [author] => RainLab
            [hash] => da066b7eb45b630932c6119eb5e02d71
            [demo_url] => 
            [product_url] => http://octobercms.com/plugin/rainlab-location
        )

    [3] => Array
        (
            [name] => Sitemap
            [description] => Generate a sitemap.xml file for your website.
            [code] => RainLab.Sitemap
            [updated_at] => 2014-11-19 23:50:15
            [image] => http://octobercms.com/storage/app/uploads/public/546/c40/98b/thumb_959_64x64_0_0_auto.png
            [author] => RainLab
            [hash] => 3211aa39ceec9640a24db7f2ad8e5f48
            [demo_url] => 
            [product_url] => http://octobercms.com/plugin/rainlab-sitemap
        )

    [4] => Array
        (
            [name] => Twitter
            [description] => This plugin adds a Twitter features to your page.
            [code] => RainLab.Twitter
            [updated_at] => 2014-07-14 01:07:53
            [image] => http://octobercms.com/storage/app/uploads/public/537/288/83c/thumb_26_64x64_0_0_auto.png
            [author] => RainLab
            [hash] => b28c802ed9abe6c99633192e5a7a0407
            [demo_url] => 
            [product_url] => http://octobercms.com/plugin/rainlab-twitterfeed
        )

    [5] => Array
        (
            [name] => MailChimp
            [description] => Provides MailChimp integration services.
            [code] => RainLab.MailChimp
            [updated_at] => 2014-05-12 01:53:25
            [image] => http://octobercms.com/storage/app/uploads/public/537/210/7f3/thumb_22_64x64_0_0_auto.png
            [author] => RainLab
            [hash] => 33bc6e5af4d2fc102759ac629b3d9eb8
            [demo_url] => 
            [product_url] => http://octobercms.com/plugin/rainlab-mailchimp
        )

    [6] => Array
        (
            [name] => User
            [description] => Front-end user management.
            [code] => RainLab.User
            [updated_at] => 2014-05-02 00:49:16
            [image] => http://octobercms.com/storage/app/uploads/public/540/8f2/a51/thumb_728_64x64_0_0_auto.png
            [author] => RainLab
            [hash] => 8926bddd0d763687e4b5d30c71575e0b
            [demo_url] => 
            [product_url] => http://octobercms.com/plugin/rainlab-user
        )

)

[2016/09/29 03:02:56] Request information: Array
(
    [url] => http://octobercms.com/api/theme/popular
    [content_type] => application/json
    [http_code] => 200
    [header_size] => 866
    [request_size] => 170
    [filetime] => -1
    [ssl_verify_result] => 0
    [redirect_count] => 0
    [total_time] => 0.460323
    [namelookup_time] => 0.061274
    [connect_time] => 0.066567
    [pretransfer_time] => 0.066619
    [size_upload] => 30
    [size_download] => 1819
    [speed_download] => 3951
    [speed_upload] => 65
    [download_content_length] => 1819
    [upload_content_length] => 30
    [starttransfer_time] => 0.460286
    [redirect_time] => 0
    [redirect_url] => 
    [primary_ip] => 104.24.113.12
    [certinfo] => Array
        (
        )

    [primary_port] => 80
    [local_ip] => 10.0.2.15
    [local_port] => 42357
)

[2016/09/29 03:02:56] Execute handler (onGetPopularThemes): Array
(
    [0] => Array
        (
            [name] => Relax
            [description] => A fictional site called House of Chairs that demonstrates how to build a client-friendly website.
            [code] => RainLab.Relax
            [updated_at] => 2015-07-01 19:16:08
            [image] => http://octobercms.com/storage/app/uploads/public/559/49e/2da/thumb_2585_210x140_0_0_crop.png
            [author] => RainLab
            [hash] => a35c64b09ad6347b8a226291e5b8fd75
            [demo_url] => 
            [product_url] => http://octobercms.com/theme/rainlab-relax
        )

    [1] => Array
        (
            [name] => Vanilla
            [description] => A plain starter template that implements account management, a blog and community forum.
            [code] => RainLab.Vanilla
            [updated_at] => 2015-04-14 16:37:36
            [image] => http://octobercms.com/storage/app/uploads/public/552/da4/0f8/thumb_2106_210x140_0_0_crop.png
            [author] => RainLab
            [hash] => 4b893d1c085a298e9b9b1d13635a675f
            [demo_url] => 
            [product_url] => http://octobercms.com/theme/rainlab-vanilla
        )

    [2] => Array
        (
            [name] => Squad
            [description] => Squad is a free Bootstrap template from BootstrapTaste for creatives, with a simple and modern layout.
            [code] => FabricioRabelo.Squad
            [updated_at] => 2015-03-13 03:12:19
            [image] => http://octobercms.com/storage/app/uploads/public/550/1dc/ab8/thumb_1856_210x140_0_0_crop.png
            [author] => Fabricio Rabelo
            [hash] => 51d8895eebb41014c40666339c9547a5
            [demo_url] => http://squad.fabriciorabelo.com
            [product_url] => http://octobercms.com/theme/fabriciorabelo-squad
        )

    [3] => Array
        (
            [name] => Flat UI
            [description] => A theme that uses a Flat user-interface and has no dependencies on others plugins.
            [code] => Responsiv.Flat
            [updated_at] => 2014-07-23 21:32:51
            [image] => http://octobercms.com/storage/app/uploads/public/53d/084/fbc/thumb_543_210x140_0_0_crop.png
            [author] => Responsiv Internet
            [hash] => 463117738421d4b358accaec12d252dd
            [demo_url] => 
            [product_url] => http://octobercms.com/theme/responsiv-flat
        )

)

.============================ POST REQUEST ==========================.
[2016/09/29 03:03:11] Postback payload: Array
(
    [project_id] => *******
    [handler] => onProjectDetails
)

[2016/09/29 03:03:12] Server request: project/detail
[2016/09/29 03:03:12] Request information: Array
(
    [url] => http://octobercms.com/api/project/detail
    [content_type] => application/json
    [http_code] => 200
    [header_size] => 870
    [request_size] => 235
    [filetime] => -1
    [ssl_verify_result] => 0
    [redirect_count] => 0
    [total_time] => 0.272784
    [namelookup_time] => 0.004496
    [connect_time] => 0.00866
    [pretransfer_time] => 0.008735
    [size_upload] => 94
    [size_download] => 1560
    [speed_download] => 5718
    [speed_upload] => 344
    [download_content_length] => 1560
    [upload_content_length] => 94
    [starttransfer_time] => 0.272761
    [redirect_time] => 0
    [redirect_url] => 
    [primary_ip] => 104.24.112.12
    [certinfo] => Array
        (
        )

    [primary_port] => 80
    [local_ip] => 10.0.2.15
    [local_port] => 58772
)

[2016/09/29 03:03:12] Execute handler (onProjectDetails): Array
(
    [name] => UIBHCOM
    [description] => ui.bh.com
    [owner] => Alexander Mayo
    [plugins] => Array
        (
            [0] => Array
                (
                    [name] => Blog
                    [description] => A robust blogging platform.
                    [code] => RainLab.Blog
                    [updated_at] => 2014-05-02 01:17:59
                    [image] => http://octobercms.com/storage/app/uploads/public/540/8f5/50e/thumb_729_64x64_0_0_auto.png
                    [author] => October
                    [hash] => f8d36a581f50927d9456acbab802879b
                    [demo_url] => 
                    [product_url] => 
                )

            [1] => Array
                (
                    [name] => Backend Plus
                    [description] => Extend your back-end to useful features, some new dashboard widgets, form widgets and front-end components.
                    [code] => Indikator.Backend
                    [updated_at] => 2016-08-13 13:15:40
                    [image] => http://octobercms.com/storage/app/uploads/public/55d/dcc/819/thumb_2790_64x64_0_0_auto.png
                    [author] => October
                    [hash] => 5df09b36e9860936cedc528bf1107076
                    [demo_url] => 
                    [product_url] => 
                )

            [2] => Array
                (
                    [name] => Builder
                    [description] => Create a fully functional plugin scaffold in a matter of minutes
                    [code] => RainLab.Builder
                    [updated_at] => 2016-02-10 06:24:20
                    [image] => http://octobercms.com/storage/app/uploads/public/56b/aca/9eb/thumb_3841_64x64_0_0_auto.png
                    [author] => October
                    [hash] => a99af8d1a43c2ee2f7445e46b44058d7
                    [demo_url] => 
                    [product_url] => 
                )

        )

    [themes] => Array
        (
            [0] => Array
                (
                    [name] => Blank Bootstrap 4
                    [description] => A blank Bootstrap 4 template
                    [code] => Hambern.hambern-blank-bootstrap-4
                    [updated_at] => 2016-08-23 17:57:44
                    [image] => http://octobercms.com/storage/app/uploads/public/57b/9ba/c48/thumb_5365_210x140_0_0_auto.png
                    [author] => October
                    [hash] => 9a6762de633774de2cebf69a88f290d1
                    [demo_url] => 
                    [product_url] => 
                )

        )

)

.============================ POST REQUEST ==========================.
.============================ POST REQUEST ==========================.
[2016/09/29 03:03:12] Postback payload: Array
(
    [handler] => 
)

[2016/09/29 03:03:12] Postback payload: Array
(
    [handler] => 
)

.============================ POST REQUEST ==========================.
[2016/09/29 03:03:23] Postback payload: Array
(
    [step] => getMetaData
    [meta] => 
    [plugins] => Array
        (
            [0] => Array
                (
                    [name] => Blog
                    [description] => A robust blogging platform.
                    [code] => RainLab.Blog
                    [updated_at] => 2014-05-02 01:17:59
                    [image] => http://octobercms.com/storage/app/uploads/public/540/8f5/50e/thumb_729_64x64_0_0_auto.png
                    [author] => October
                    [hash] => f8d36a581f50927d9456acbab802879b
                    [demo_url] => 
                    [product_url] => 
                )

            [1] => Array
                (
                    [name] => Backend Plus
                    [description] => Extend your back-end to useful features, some new dashboard widgets, form widgets and front-end components.
                    [code] => Indikator.Backend
                    [updated_at] => 2016-08-13 13:15:40
                    [image] => http://octobercms.com/storage/app/uploads/public/55d/dcc/819/thumb_2790_64x64_0_0_auto.png
                    [author] => October
                    [hash] => 5df09b36e9860936cedc528bf1107076
                    [demo_url] => 
                    [product_url] => 
                )

            [2] => Array
                (
                    [name] => Builder
                    [description] => Create a fully functional plugin scaffold in a matter of minutes
                    [code] => RainLab.Builder
                    [updated_at] => 2016-02-10 06:24:20
                    [image] => http://octobercms.com/storage/app/uploads/public/56b/aca/9eb/thumb_3841_64x64_0_0_auto.png
                    [author] => October
                    [hash] => a99af8d1a43c2ee2f7445e46b44058d7
                    [demo_url] => 
                    [product_url] => 
                )

        )

    [themes] => Array
        (
            [0] => Array
                (
                    [name] => Blank Bootstrap 4
                    [description] => A blank Bootstrap 4 template
                    [code] => Hambern.hambern-blank-bootstrap-4
                    [updated_at] => 2016-08-23 17:57:44
                    [image] => http://octobercms.com/storage/app/uploads/public/57b/9ba/c48/thumb_5365_210x140_0_0_auto.png
                    [author] => October
                    [hash] => 9a6762de633774de2cebf69a88f290d1
                    [demo_url] => 
                    [product_url] => 
                )

        )

    [project_id] => *******
    [handler] => onInstallStep
)

[2016/09/29 03:03:23] Install step: getMetaData
[2016/09/29 03:03:24] Server request: core/install
[2016/09/29 03:03:24] Request information: Array
(
    [url] => http://octobercms.com/api/core/install
    [content_type] => application/json
    [http_code] => 200
    [header_size] => 869
    [request_size] => 379
    [filetime] => -1
    [ssl_verify_result] => 0
    [redirect_count] => 0
    [total_time] => 0.422073
    [namelookup_time] => 1.9E-5
    [connect_time] => 0.003908
    [pretransfer_time] => 0.003987
    [size_upload] => 239
    [size_download] => 361
    [speed_download] => 855
    [speed_upload] => 566
    [download_content_length] => 361
    [upload_content_length] => 239
    [starttransfer_time] => 0.422054
    [redirect_time] => 0
    [redirect_url] => 
    [primary_ip] => 104.24.112.12
    [certinfo] => Array
        (
        )

    [primary_port] => 80
    [local_ip] => 10.0.2.15
    [local_port] => 58776
)

[2016/09/29 03:03:24] Step getMetaData +OK
[2016/09/29 03:03:24] Execute handler (onInstallStep): Array
(
    [result] => Array
        (
            [core] => Array
                (
                    [hash] => d8d567e2cf6a4e17ae1f41ea6e5e201b
                    [build] => 365
                    [uhash] => ce29cdb155c0bf15db178efc1a1c7095
                )

            [plugins] => Array
                (
                    [RainLab.Blog] => f8d36a581f50927d9456acbab802879b
                    [Indikator.Backend] => 5df09b36e9860936cedc528bf1107076
                    [RainLab.Builder] => a99af8d1a43c2ee2f7445e46b44058d7
                )

            [themes] => Array
                (
                    [Hambern.hambern-blank-bootstrap-4] => 9a6762de633774de2cebf69a88f290d1
                )

        )

)

.============================ POST REQUEST ==========================.
[2016/09/29 03:03:24] Postback payload: Array
(
    [step] => downloadCore
    [meta] => Array
        (
            [core] => Array
                (
                    [hash] => d8d567e2cf6a4e17ae1f41ea6e5e201b
                    [build] => 365
                    [uhash] => ce29cdb155c0bf15db178efc1a1c7095
                )

            [plugins] => Array
                (
                    [RainLab.Blog] => f8d36a581f50927d9456acbab802879b
                    [Indikator.Backend] => 5df09b36e9860936cedc528bf1107076
                    [RainLab.Builder] => a99af8d1a43c2ee2f7445e46b44058d7
                )

            [themes] => Array
                (
                    [Hambern.hambern-blank-bootstrap-4] => 9a6762de633774de2cebf69a88f290d1
                )

        )

    [handler] => onInstallStep
)

[2016/09/29 03:03:24] Install step: downloadCore
[2016/09/29 03:04:43] Saving to file (core): /var/www/uibhcom/install_files/temp/a74ad8dfacd4f985eb3977517615ce25.arc
[2016/09/29 03:04:43] Step downloadCore +OK
[2016/09/29 03:04:43] Execute handler (onInstallStep): Array
(
    [result] => 
)

.============================ POST REQUEST ==========================.
[2016/09/29 03:04:44] Postback payload: Array
(
    [step] => downloadPlugin
    [meta] => Array
        (
            [core] => Array
                (
                    [hash] => d8d567e2cf6a4e17ae1f41ea6e5e201b
                    [build] => 365
                    [uhash] => ce29cdb155c0bf15db178efc1a1c7095
                )

            [plugins] => Array
                (
                    [RainLab.Blog] => f8d36a581f50927d9456acbab802879b
                    [Indikator.Backend] => 5df09b36e9860936cedc528bf1107076
                    [RainLab.Builder] => a99af8d1a43c2ee2f7445e46b44058d7
                )

            [themes] => Array
                (
                    [Hambern.hambern-blank-bootstrap-4] => 9a6762de633774de2cebf69a88f290d1
                )

        )

    [name] => RainLab.Blog
    [project_id] => *******
    [handler] => onInstallStep
)

[2016/09/29 03:04:44] Install step: downloadPlugin
[2016/09/29 03:04:47] Saving to file (RainLab.Blog-plugin): /var/www/uibhcom/install_files/temp/33b538b0804bdcfce25684369ded882c.arc
[2016/09/29 03:04:47] Step downloadPlugin +OK
[2016/09/29 03:04:47] Execute handler (onInstallStep): Array
(
    [result] => 
)

.============================ POST REQUEST ==========================.
[2016/09/29 03:04:48] Postback payload: Array
(
    [step] => downloadPlugin
    [meta] => Array
        (
            [core] => Array
                (
                    [hash] => d8d567e2cf6a4e17ae1f41ea6e5e201b
                    [build] => 365
                    [uhash] => ce29cdb155c0bf15db178efc1a1c7095
                )

            [plugins] => Array
                (
                    [RainLab.Blog] => f8d36a581f50927d9456acbab802879b
                    [Indikator.Backend] => 5df09b36e9860936cedc528bf1107076
                    [RainLab.Builder] => a99af8d1a43c2ee2f7445e46b44058d7
                )

            [themes] => Array
                (
                    [Hambern.hambern-blank-bootstrap-4] => 9a6762de633774de2cebf69a88f290d1
                )

        )

    [name] => Indikator.Backend
    [project_id] => *******
    [handler] => onInstallStep
)

[2016/09/29 03:04:48] Install step: downloadPlugin
[2016/09/29 03:04:50] Saving to file (Indikator.Backend-plugin): /var/www/uibhcom/install_files/temp/03594db764ede9a5186d54abe3a34f68.arc
[2016/09/29 03:04:50] Step downloadPlugin +OK
[2016/09/29 03:04:50] Execute handler (onInstallStep): Array
(
    [result] => 
)

.============================ POST REQUEST ==========================.
[2016/09/29 03:04:51] Postback payload: Array
(
    [step] => downloadPlugin
    [meta] => Array
        (
            [core] => Array
                (
                    [hash] => d8d567e2cf6a4e17ae1f41ea6e5e201b
                    [build] => 365
                    [uhash] => ce29cdb155c0bf15db178efc1a1c7095
                )

            [plugins] => Array
                (
                    [RainLab.Blog] => f8d36a581f50927d9456acbab802879b
                    [Indikator.Backend] => 5df09b36e9860936cedc528bf1107076
                    [RainLab.Builder] => a99af8d1a43c2ee2f7445e46b44058d7
                )

            [themes] => Array
                (
                    [Hambern.hambern-blank-bootstrap-4] => 9a6762de633774de2cebf69a88f290d1
                )

        )

    [name] => RainLab.Builder
    [project_id] => *******
    [handler] => onInstallStep
)

[2016/09/29 03:04:51] Install step: downloadPlugin
[2016/09/29 03:04:56] Saving to file (RainLab.Builder-plugin): /var/www/uibhcom/install_files/temp/3876de3b7216ed9f2233d9755f5bcb46.arc
[2016/09/29 03:04:56] Step downloadPlugin +OK
[2016/09/29 03:04:56] Execute handler (onInstallStep): Array
(
    [result] => 
)

.============================ POST REQUEST ==========================.
[2016/09/29 03:04:57] Postback payload: Array
(
    [step] => downloadTheme
    [meta] => Array
        (
            [core] => Array
                (
                    [hash] => d8d567e2cf6a4e17ae1f41ea6e5e201b
                    [build] => 365
                    [uhash] => ce29cdb155c0bf15db178efc1a1c7095
                )

            [plugins] => Array
                (
                    [RainLab.Blog] => f8d36a581f50927d9456acbab802879b
                    [Indikator.Backend] => 5df09b36e9860936cedc528bf1107076
                    [RainLab.Builder] => a99af8d1a43c2ee2f7445e46b44058d7
                )

            [themes] => Array
                (
                    [Hambern.hambern-blank-bootstrap-4] => 9a6762de633774de2cebf69a88f290d1
                )

        )

    [name] => Hambern.hambern-blank-bootstrap-4
    [project_id] => *******
    [handler] => onInstallStep
)

[2016/09/29 03:04:57] Install step: downloadTheme
[2016/09/29 03:05:05] Saving to file (Hambern.hambern-blank-bootstrap-4-theme): /var/www/uibhcom/install_files/temp/06ffcd64f2edcc0d2254721fd28db761.arc
[2016/09/29 03:05:05] Step downloadTheme +OK
[2016/09/29 03:05:05] Execute handler (onInstallStep): Array
(
    [result] => 
)

.============================ POST REQUEST ==========================.
[2016/09/29 03:05:05] Postback payload: Array
(
    [step] => extractCore
    [meta] => Array
        (
            [core] => Array
                (
                    [hash] => d8d567e2cf6a4e17ae1f41ea6e5e201b
                    [build] => 365
                    [uhash] => ce29cdb155c0bf15db178efc1a1c7095
                )

            [plugins] => Array
                (
                    [RainLab.Blog] => f8d36a581f50927d9456acbab802879b
                    [Indikator.Backend] => 5df09b36e9860936cedc528bf1107076
                    [RainLab.Builder] => a99af8d1a43c2ee2f7445e46b44058d7
                )

            [themes] => Array
                (
                    [Hambern.hambern-blank-bootstrap-4] => 9a6762de633774de2cebf69a88f290d1
                )

        )

    [handler] => onInstallStep
)

[2016/09/29 03:05:05] Install step: extractCore
[2016/09/29 03:05:05] Extracting file (core): a74ad8dfacd4f985eb3977517615ce25.arc
[2016/09/29 03:05:41] Step extractCore +OK
[2016/09/29 03:05:41] Execute handler (onInstallStep): Array
(
    [result] => 1
)

.============================ POST REQUEST ==========================.
[2016/09/29 03:05:42] Postback payload: Array
(
    [step] => extractPlugin
    [meta] => Array
        (
            [core] => Array
                (
                    [hash] => d8d567e2cf6a4e17ae1f41ea6e5e201b
                    [build] => 365
                    [uhash] => ce29cdb155c0bf15db178efc1a1c7095
                )

            [plugins] => Array
                (
                    [RainLab.Blog] => f8d36a581f50927d9456acbab802879b
                    [Indikator.Backend] => 5df09b36e9860936cedc528bf1107076
                    [RainLab.Builder] => a99af8d1a43c2ee2f7445e46b44058d7
                )

            [themes] => Array
                (
                    [Hambern.hambern-blank-bootstrap-4] => 9a6762de633774de2cebf69a88f290d1
                )

        )

    [name] => RainLab.Blog
    [project_id] => *******
    [handler] => onInstallStep
)

[2016/09/29 03:05:42] Install step: extractPlugin
[2016/09/29 03:05:42] Extracting file (RainLab.Blog-plugin): 33b538b0804bdcfce25684369ded882c.arc
[2016/09/29 03:05:43] Step extractPlugin +OK
[2016/09/29 03:05:43] Execute handler (onInstallStep): Array
(
    [result] => 1
)

.============================ POST REQUEST ==========================.
[2016/09/29 03:05:43] Postback payload: Array
(
    [step] => extractPlugin
    [meta] => Array
        (
            [core] => Array
                (
                    [hash] => d8d567e2cf6a4e17ae1f41ea6e5e201b
                    [build] => 365
                    [uhash] => ce29cdb155c0bf15db178efc1a1c7095
                )

            [plugins] => Array
                (
                    [RainLab.Blog] => f8d36a581f50927d9456acbab802879b
                    [Indikator.Backend] => 5df09b36e9860936cedc528bf1107076
                    [RainLab.Builder] => a99af8d1a43c2ee2f7445e46b44058d7
                )

            [themes] => Array
                (
                    [Hambern.hambern-blank-bootstrap-4] => 9a6762de633774de2cebf69a88f290d1
                )

        )

    [name] => Indikator.Backend
    [project_id] => *******
    [handler] => onInstallStep
)

[2016/09/29 03:05:43] Install step: extractPlugin
[2016/09/29 03:05:43] Extracting file (Indikator.Backend-plugin): 03594db764ede9a5186d54abe3a34f68.arc
[2016/09/29 03:05:44] Step extractPlugin +OK
[2016/09/29 03:05:44] Execute handler (onInstallStep): Array
(
    [result] => 1
)

.============================ POST REQUEST ==========================.
[2016/09/29 03:05:44] Postback payload: Array
(
    [step] => extractPlugin
    [meta] => Array
        (
            [core] => Array
                (
                    [hash] => d8d567e2cf6a4e17ae1f41ea6e5e201b
                    [build] => 365
                    [uhash] => ce29cdb155c0bf15db178efc1a1c7095
                )

            [plugins] => Array
                (
                    [RainLab.Blog] => f8d36a581f50927d9456acbab802879b
                    [Indikator.Backend] => 5df09b36e9860936cedc528bf1107076
                    [RainLab.Builder] => a99af8d1a43c2ee2f7445e46b44058d7
                )

            [themes] => Array
                (
                    [Hambern.hambern-blank-bootstrap-4] => 9a6762de633774de2cebf69a88f290d1
                )

        )

    [name] => RainLab.Builder
    [project_id] => *******
    [handler] => onInstallStep
)

[2016/09/29 03:05:44] Install step: extractPlugin
[2016/09/29 03:05:44] Extracting file (RainLab.Builder-plugin): 3876de3b7216ed9f2233d9755f5bcb46.arc
[2016/09/29 03:05:46] Step extractPlugin +OK
[2016/09/29 03:05:46] Execute handler (onInstallStep): Array
(
    [result] => 1
)

.============================ POST REQUEST ==========================.
[2016/09/29 03:05:47] Postback payload: Array
(
    [step] => extractTheme
    [meta] => Array
        (
            [core] => Array
                (
                    [hash] => d8d567e2cf6a4e17ae1f41ea6e5e201b
                    [build] => 365
                    [uhash] => ce29cdb155c0bf15db178efc1a1c7095
                )

            [plugins] => Array
                (
                    [RainLab.Blog] => f8d36a581f50927d9456acbab802879b
                    [Indikator.Backend] => 5df09b36e9860936cedc528bf1107076
                    [RainLab.Builder] => a99af8d1a43c2ee2f7445e46b44058d7
                )

            [themes] => Array
                (
                    [Hambern.hambern-blank-bootstrap-4] => 9a6762de633774de2cebf69a88f290d1
                )

        )

    [name] => Hambern.hambern-blank-bootstrap-4
    [project_id] => *******
    [handler] => onInstallStep
)

[2016/09/29 03:05:47] Install step: extractTheme
[2016/09/29 03:05:47] Extracting file (Hambern.hambern-blank-bootstrap-4-theme): 06ffcd64f2edcc0d2254721fd28db761.arc
[2016/09/29 03:05:50] Step extractTheme +OK
[2016/09/29 03:05:50] Execute handler (onInstallStep): Array
(
    [result] => 1
)

.============================ POST REQUEST ==========================.
[2016/09/29 03:05:50] Postback payload: Array
(
    [step] => setupConfig
    [meta] => Array
        (
            [core] => Array
                (
                    [hash] => d8d567e2cf6a4e17ae1f41ea6e5e201b
                    [build] => 365
                    [uhash] => ce29cdb155c0bf15db178efc1a1c7095
                )

            [plugins] => Array
                (
                    [RainLab.Blog] => f8d36a581f50927d9456acbab802879b
                    [Indikator.Backend] => 5df09b36e9860936cedc528bf1107076
                    [RainLab.Builder] => a99af8d1a43c2ee2f7445e46b44058d7
                )

            [themes] => Array
                (
                    [Hambern.hambern-blank-bootstrap-4] => 9a6762de633774de2cebf69a88f290d1
                )

        )

    [db_type] => mysql
    [db_host] => localhost
    [db_port] => 
    [db_name] => dvlp
    [db_user] => root
    [db_pass] => *******
    [admin_first_name] => Admin
    [admin_last_name] => Person
    [admin_email] => *******@*****.com
    [admin_login] => admin
    [admin_password] => *******
    [admin_confirm_password] => *******
    [backend_uri] => /backend
    [encryption_code] => *******
    [file_mask] => 777
    [folder_mask] => 777
    [handler] => onInstallStep
)

[2016/09/29 03:05:50] Install step: setupConfig
[2016/09/29 03:05:51] Step setupConfig +OK
[2016/09/29 03:05:51] Execute handler (onInstallStep): Array
(
    [result] => 
)

.============================ POST REQUEST ==========================.
[2016/09/29 03:05:51] Postback payload: Array
(
    [step] => createAdmin
    [meta] => Array
        (
            [core] => Array
                (
                    [hash] => d8d567e2cf6a4e17ae1f41ea6e5e201b
                    [build] => 365
                    [uhash] => ce29cdb155c0bf15db178efc1a1c7095
                )

            [plugins] => Array
                (
                    [RainLab.Blog] => f8d36a581f50927d9456acbab802879b
                    [Indikator.Backend] => 5df09b36e9860936cedc528bf1107076
                    [RainLab.Builder] => a99af8d1a43c2ee2f7445e46b44058d7
                )

            [themes] => Array
                (
                    [Hambern.hambern-blank-bootstrap-4] => 9a6762de633774de2cebf69a88f290d1
                )

        )

    [db_type] => mysql
    [db_host] => localhost
    [db_port] => 
    [db_name] => dvlp
    [db_user] => root
    [db_pass] => *******
    [admin_first_name] => Admin
    [admin_last_name] => Person
    [admin_email] => *******@*****.com
    [admin_login] => admin
    [admin_password] => *******
    [admin_confirm_password] => *******
    [backend_uri] => /backend
    [encryption_code] => *******
    [file_mask] => 777
    [folder_mask] => 777
    [handler] => onInstallStep
)

[2016/09/29 03:05:51] Install step: createAdmin
[2016/09/29 03:05:52] Step createAdmin +OK
[2016/09/29 03:05:52] Execute handler (onInstallStep): Array
(
    [result] => 
)

.============================ POST REQUEST ==========================.
[2016/09/29 03:05:53] Postback payload: Array
(
    [disableLog] => 1
)

[2016/09/29 03:05:53] Install step: setupProject
[2016/09/29 03:05:53] Step setupProject +OK
[2016/09/29 03:05:53] Execute handler (onInstallStep): Array
(
    [result] => 
)

.============================ POST REQUEST ==========================.
[2016/09/29 03:05:53] Postback payload: Array
(
    [step] => finishInstall
    [meta] => Array
        (
            [core] => Array
                (
                    [hash] => d8d567e2cf6a4e17ae1f41ea6e5e201b
                    [build] => 365
                    [uhash] => ce29cdb155c0bf15db178efc1a1c7095
                )

            [plugins] => Array
                (
                    [RainLab.Blog] => f8d36a581f50927d9456acbab802879b
                    [Indikator.Backend] => 5df09b36e9860936cedc528bf1107076
                    [RainLab.Builder] => a99af8d1a43c2ee2f7445e46b44058d7
                )

            [themes] => Array
                (
                    [Hambern.hambern-blank-bootstrap-4] => 9a6762de633774de2cebf69a88f290d1
                )

        )

    [hash] => d8d567e2cf6a4e17ae1f41ea6e5e201b
    [build] => 365
    [uhash] => ce29cdb155c0bf15db178efc1a1c7095
    [handler] => onInstallStep
)

[2016/09/29 03:05:53] Install step: finishInstall
[2016/09/29 03:05:54] Cleaning up file: 03594db764ede9a5186d54abe3a34f68.arc
[2016/09/29 03:05:54] Cleaning up file: 06ffcd64f2edcc0d2254721fd28db761.arc
[2016/09/29 03:05:54] Cleaning up file: 33b538b0804bdcfce25684369ded882c.arc
[2016/09/29 03:05:54] Cleaning up file: 3876de3b7216ed9f2233d9755f5bcb46.arc
[2016/09/29 03:05:54] Cleaning up file: a74ad8dfacd4f985eb3977517615ce25.arc
[2016/09/29 03:05:54] Step finishInstall +OK
[2016/09/29 03:05:54] Execute handler (onInstallStep): Array
(
    [result] => 
)

